2025-07-19 14:13:24 | ERROR    | app.services.rag_services.jira_rag:fetch_relevant_jira_issues:63 - Error fetching JIRA issues: No matching Jira issues found.
2025-07-19 14:14:07 | ERROR    | app.services.ai_services.sop_generator:generate_sop_docx:253 - Supabase table insertion failed: {'message': "Could not find the 'job_id' column of 'generated_docs' in the schema cache", 'code': 'PGRST204', 'hint': None, 'details': None}
2025-07-19 14:14:07 | ERROR    | app.services.ai_services.sop_generator:generate_sop_docx:270 - Value error during SOP generation: Supabase table insertion failed: {'message': "Could not find the 'job_id' column of 'generated_docs' in the schema cache", 'code': 'PGRST204', 'hint': None, 'details': None}
2025-07-19 14:14:08 | ERROR    | app.api.routes:generate_sop_api:253 - SOP workflow failed: Supabase table insertion failed: {'message': "Could not find the 'job_id' column of 'generated_docs' in the schema cache", 'code': 'PGRST204', 'hint': None, 'details': None}
2025-07-19 14:14:08 | ERROR    | app.api.routes:generate_sop_api:270 - HTTP Error - Status: 500, Detail: SOP generation workflow failed: Supabase table insertion failed: {'message': "Could not find the 'job_id' column of 'generated_docs' in the schema cache", 'code': 'PGRST204', 'hint': None, 'details': None}
2025-07-19 14:30:03 | ERROR    | app.services.rag_services.jira_rag:fetch_relevant_jira_issues:63 - Error fetching JIRA issues: No matching Jira issues found.
2025-07-19 14:30:44 | ERROR    | app.services.ai_services.sop_generator:generate_sop_docx:253 - Supabase table insertion failed: {'message': 'duplicate key value violates unique constraint "generated_docs_pkey"', 'code': '23505', 'hint': None, 'details': 'Key (id)=(52968de5-98bb-4169-9a80-0702ee333a4d) already exists.'}
2025-07-19 14:30:44 | ERROR    | app.services.ai_services.sop_generator:generate_sop_docx:270 - Value error during SOP generation: Supabase table insertion failed: {'message': 'duplicate key value violates unique constraint "generated_docs_pkey"', 'code': '23505', 'hint': None, 'details': 'Key (id)=(52968de5-98bb-4169-9a80-0702ee333a4d) already exists.'}
2025-07-19 14:30:44 | ERROR    | app.api.routes:generate_sop_api:273 - SOP workflow failed: Supabase table insertion failed: {'message': 'duplicate key value violates unique constraint "generated_docs_pkey"', 'code': '23505', 'hint': None, 'details': 'Key (id)=(52968de5-98bb-4169-9a80-0702ee333a4d) already exists.'}
2025-07-19 14:30:44 | ERROR    | app.api.routes:generate_sop_api:290 - HTTP Error - Status: 500, Detail: SOP generation workflow failed: Supabase table insertion failed: {'message': 'duplicate key value violates unique constraint "generated_docs_pkey"', 'code': '23505', 'hint': None, 'details': 'Key (id)=(52968de5-98bb-4169-9a80-0702ee333a4d) already exists.'}
2025-07-19 14:37:05 | ERROR    | app.utils.download_screenshot:download_screenshot:29 - Failed processing screenshot screenshot_13_1751385883148.png: Server disconnected
2025-07-19 14:37:05 | ERROR    | app.utils.download_screenshot:download_screenshot:29 - Failed processing screenshot screenshot_127_1751385883148.png: Server disconnected
2025-07-19 14:37:05 | ERROR    | app.utils.download_screenshot:download_screenshot:29 - Failed processing screenshot screenshot_120_1751385883148.png: Server disconnected
2025-07-19 14:37:05 | ERROR    | app.utils.download_screenshot:download_screenshot:29 - Failed processing screenshot screenshot_128_1751385883148.png: Server disconnected
2025-07-19 14:37:05 | ERROR    | app.utils.download_screenshot:download_screenshot:29 - Failed processing screenshot screenshot_126_1751385883148.png: Server disconnected
2025-07-19 14:37:05 | ERROR    | app.utils.download_screenshot:download_screenshot:29 - Failed processing screenshot screenshot_122_1751385883148.png: Server disconnected
2025-07-19 14:37:05 | ERROR    | app.utils.download_screenshot:download_screenshot:29 - Failed processing screenshot screenshot_125_1751385883148.png: Server disconnected
2025-07-19 14:37:05 | ERROR    | app.utils.download_screenshot:download_screenshot:29 - Failed processing screenshot screenshot_123_1751385883148.png: Server disconnected
2025-07-19 14:37:05 | ERROR    | app.utils.download_screenshot:download_screenshot:29 - Failed processing screenshot screenshot_124_1751385883148.png: Server disconnected
2025-07-19 14:37:05 | ERROR    | app.utils.download_screenshot:download_screenshot:29 - Failed processing screenshot screenshot_12_1751385883148.png: Server disconnected
2025-07-19 14:37:32 | ERROR    | app.services.rag_services.jira_rag:fetch_relevant_jira_issues:63 - Error fetching JIRA issues: No matching Jira issues found.
2025-07-19 15:13:35 | ERROR    | app.utils.download_screenshot:download_screenshot:29 - Failed processing screenshot screenshot_112_1751385883148.png: [WinError 10035] A non-blocking socket operation could not be completed immediately
2025-07-19 15:13:35 | ERROR    | app.utils.download_screenshot:download_screenshot:29 - Failed processing screenshot screenshot_111_1751385883148.png: [WinError 10035] A non-blocking socket operation could not be completed immediately
2025-07-19 15:13:35 | ERROR    | app.utils.download_screenshot:download_screenshot:29 - Failed processing screenshot screenshot_11_1751385883148.png: [WinError 10035] A non-blocking socket operation could not be completed immediately
2025-07-19 15:13:35 | ERROR    | app.utils.download_screenshot:download_screenshot:29 - Failed processing screenshot screenshot_113_1751385883148.png: [WinError 10035] A non-blocking socket operation could not be completed immediately
2025-07-19 15:13:35 | ERROR    | app.utils.download_screenshot:download_screenshot:29 - Failed processing screenshot screenshot_114_1751385883148.png: [WinError 10035] A non-blocking socket operation could not be completed immediately
2025-07-19 15:13:35 | ERROR    | app.utils.download_screenshot:download_screenshot:29 - Failed processing screenshot screenshot_115_1751385883148.png: [WinError 10035] A non-blocking socket operation could not be completed immediately
2025-07-19 15:13:35 | ERROR    | app.utils.download_screenshot:download_screenshot:29 - Failed processing screenshot screenshot_110_1751385883148.png: [WinError 10035] A non-blocking socket operation could not be completed immediately
2025-07-19 15:13:35 | ERROR    | app.utils.download_screenshot:download_screenshot:29 - Failed processing screenshot screenshot_116_1751385883148.png: [WinError 10035] A non-blocking socket operation could not be completed immediately
2025-07-19 15:13:35 | ERROR    | app.utils.download_screenshot:download_screenshot:29 - Failed processing screenshot screenshot_117_1751385883148.png: [WinError 10035] A non-blocking socket operation could not be completed immediately
2025-07-19 15:13:35 | ERROR    | app.utils.download_screenshot:download_screenshot:29 - Failed processing screenshot screenshot_109_1751385883148.png: [WinError 10035] A non-blocking socket operation could not be completed immediately
2025-07-19 15:14:29 | ERROR    | app.services.rag_services.jira_rag:fetch_relevant_jira_issues:63 - Error fetching JIRA issues: No matching Jira issues found.
2025-07-19 15:16:19 | ERROR    | app.services.rag_services.jira_rag:fetch_relevant_jira_issues:63 - Error fetching JIRA issues: No matching Jira issues found.
2025-07-19 15:24:40 | ERROR    | app.services.rag_services.jira_rag:fetch_relevant_jira_issues:63 - Error fetching JIRA issues: No matching Jira issues found.
2025-07-19 15:24:40 | ERROR    | app.api.routes:generate_sop_api:273 - SOP workflow failed: cannot access local variable 'datetime' where it is not associated with a value
2025-07-19 15:24:40 | ERROR    | app.api.routes:generate_sop_api:290 - HTTP Error - Status: 500, Detail: SOP generation workflow failed: cannot access local variable 'datetime' where it is not associated with a value
2025-07-19 15:31:12 | ERROR    | app.utils.download_screenshot:download_screenshot:29 - Failed processing screenshot screenshot_59_1751385883148.png: [WinError 10035] A non-blocking socket operation could not be completed immediately
2025-07-19 15:31:12 | ERROR    | app.utils.download_screenshot:download_screenshot:29 - Failed processing screenshot screenshot_63_1751385883148.png: [WinError 10035] A non-blocking socket operation could not be completed immediately
2025-07-19 15:31:12 | ERROR    | app.utils.download_screenshot:download_screenshot:29 - Failed processing screenshot screenshot_58_1751385883148.png: [WinError 10035] A non-blocking socket operation could not be completed immediately
2025-07-19 15:31:12 | ERROR    | app.utils.download_screenshot:download_screenshot:29 - Failed processing screenshot screenshot_6_1751385883148.png: [WinError 10035] A non-blocking socket operation could not be completed immediately
2025-07-19 15:31:12 | ERROR    | app.utils.download_screenshot:download_screenshot:29 - Failed processing screenshot screenshot_62_1751385883148.png: [WinError 10035] A non-blocking socket operation could not be completed immediately
2025-07-19 15:31:12 | ERROR    | app.utils.download_screenshot:download_screenshot:29 - Failed processing screenshot screenshot_61_1751385883148.png: [WinError 10035] A non-blocking socket operation could not be completed immediately
2025-07-19 15:31:12 | ERROR    | app.utils.download_screenshot:download_screenshot:29 - Failed processing screenshot screenshot_60_1751385883148.png: [WinError 10035] A non-blocking socket operation could not be completed immediately
2025-07-19 15:31:12 | ERROR    | app.utils.download_screenshot:download_screenshot:29 - Failed processing screenshot screenshot_64_1751385883148.png: [WinError 10035] A non-blocking socket operation could not be completed immediately
2025-07-19 15:31:12 | ERROR    | app.utils.download_screenshot:download_screenshot:29 - Failed processing screenshot screenshot_57_1751385883148.png: [WinError 10035] A non-blocking socket operation could not be completed immediately
2025-07-19 15:31:12 | ERROR    | app.utils.download_screenshot:download_screenshot:29 - Failed processing screenshot screenshot_56_1751385883148.png: [WinError 10035] A non-blocking socket operation could not be completed immediately
2025-07-19 15:31:34 | ERROR    | app.services.rag_services.jira_rag:fetch_relevant_jira_issues:63 - Error fetching JIRA issues: No matching Jira issues found.
